<?xml version="1.0" encoding="UTF-8"?>
<!-- Generated by org.testng.reporters.JUnitXMLReporter -->
<testsuite hostname="94ZQ7BS" name="Windows+firefox Test" tests="2" failures="0" timestamp="10 Nov 2017 06:56:30 GMT" time="47.85" errors="0">
  <testcase name="@BeforeMethod getMethodName" time="0.0" classname="Leave_Application_TestCases.TC_01_Verify_Self_Leave_View">
    <skipped/>
  </testcase> <!-- @BeforeMethod getMethodName -->
  <testcase name="@AfterMethod afterEachTest" time="0.0" classname="Leave_Application_TestCases.TC_01_Verify_Self_Leave_View">
    <skipped/>
  </testcase> <!-- @AfterMethod afterEachTest -->
  <testcase name="TC_01_Verify_HomePage_Logo" time="10.369" classname="Application_HomePage_TestCases.TC_01_Verify_Logo_On_Application_Home_Page"/>
  <testcase name="TC_01_Verify_Application_View_Self_Details" time="0.0" classname="Leave_Application_TestCases.TC_01_Verify_Self_Leave_View">
    <skipped/>
  </testcase> <!-- TC_01_Verify_Application_View_Self_Details -->
</testsuite> <!-- Windows+firefox Test -->
