<?xml version="1.0" encoding="UTF-8"?>
<!-- Generated by org.testng.reporters.JUnitXMLReporter -->
<testsuite hostname="94ZQ7BS" name="Windows+chrome Test" tests="2" failures="0" timestamp="10 Nov 2017 06:28:53 GMT" time="8.352" errors="0">
  <testcase name="@BeforeMethod getMethodName" time="0.0" classname="Application_HomePage_TestCases.TC_01_Verify_Logo_On_Application_Home_Page">
    <skipped/>
  </testcase> <!-- @BeforeMethod getMethodName -->
  <testcase name="@AfterMethod afterEachTest" time="0.0" classname="Application_HomePage_TestCases.TC_01_Verify_Logo_On_Application_Home_Page">
    <skipped/>
  </testcase> <!-- @AfterMethod afterEachTest -->
  <testcase name="TC_01_Verify_HomePage_Logo" time="0.003" classname="Application_HomePage_TestCases.TC_01_Verify_Logo_On_Application_Home_Page">
    <skipped/>
  </testcase> <!-- TC_01_Verify_HomePage_Logo -->
  <testcase name="TC_01_Verify_Application_View_Self_Details" time="2.085" classname="Leave_Application_TestCases.TC_01_Verify_Self_Leave_View"/>
</testsuite> <!-- Windows+chrome Test -->
